0 info it worked if it ends with ok
1 verbose cli [ 'C:\\Program Files\\nodejs\\\\node.exe',
1 verbose cli   'C:\\Program Files\\nodejs\\node_modules\\npm\\bin\\npm-cli.js',
1 verbose cli   'install',
1 verbose cli   'modernizr' ]
2 info using npm@2.11.3
3 info using node@v0.12.7
4 verbose install initial load of C:\Users\cecilia\Sidibov_1\package.json
5 verbose installManyTop reading scoped package data from C:\Users\cecilia\Sidibov_1\node_modules\grunt\package.json
6 verbose installManyTop reading scoped package data from C:\Users\cecilia\Sidibov_1\node_modules\grunt-angular-templates\package.json
7 verbose installManyTop reading scoped package data from C:\Users\cecilia\Sidibov_1\node_modules\grunt-autoprefixer\package.json
8 verbose installManyTop reading scoped package data from C:\Users\cecilia\Sidibov_1\node_modules\grunt-concurrent\package.json
9 verbose installManyTop reading scoped package data from C:\Users\cecilia\Sidibov_1\node_modules\grunt-contrib-clean\package.json
10 verbose installManyTop reading scoped package data from C:\Users\cecilia\Sidibov_1\node_modules\grunt-contrib-concat\package.json
11 verbose installManyTop reading scoped package data from C:\Users\cecilia\Sidibov_1\node_modules\grunt-contrib-connect\package.json
12 verbose installManyTop reading scoped package data from C:\Users\cecilia\Sidibov_1\node_modules\grunt-contrib-copy\package.json
13 verbose installManyTop reading scoped package data from C:\Users\cecilia\Sidibov_1\node_modules\grunt-contrib-cssmin\package.json
14 verbose installManyTop reading scoped package data from C:\Users\cecilia\Sidibov_1\node_modules\grunt-contrib-htmlmin\package.json
15 verbose installManyTop reading scoped package data from C:\Users\cecilia\Sidibov_1\node_modules\grunt-contrib-imagemin\package.json
16 verbose installManyTop reading scoped package data from C:\Users\cecilia\Sidibov_1\node_modules\grunt-contrib-jshint\package.json
17 verbose installManyTop reading scoped package data from C:\Users\cecilia\Sidibov_1\node_modules\grunt-contrib-uglify\package.json
18 verbose installManyTop reading scoped package data from C:\Users\cecilia\Sidibov_1\node_modules\grunt-contrib-watch\package.json
19 verbose installManyTop reading scoped package data from C:\Users\cecilia\Sidibov_1\node_modules\grunt-filerev\package.json
20 verbose installManyTop reading scoped package data from C:\Users\cecilia\Sidibov_1\node_modules\grunt-google-cdn\package.json
21 verbose installManyTop reading scoped package data from C:\Users\cecilia\Sidibov_1\node_modules\grunt-karma\package.json
22 verbose installManyTop reading scoped package data from C:\Users\cecilia\Sidibov_1\node_modules\grunt-newer\package.json
23 verbose installManyTop reading scoped package data from C:\Users\cecilia\Sidibov_1\node_modules\grunt-ng-annotate\package.json
24 verbose installManyTop reading scoped package data from C:\Users\cecilia\Sidibov_1\node_modules\grunt-svgmin\package.json
25 verbose installManyTop reading scoped package data from C:\Users\cecilia\Sidibov_1\node_modules\grunt-usemin\package.json
26 verbose installManyTop reading scoped package data from C:\Users\cecilia\Sidibov_1\node_modules\grunt-wiredep\package.json
27 verbose installManyTop reading scoped package data from C:\Users\cecilia\Sidibov_1\node_modules\jasmine-core\package.json
28 verbose installManyTop reading scoped package data from C:\Users\cecilia\Sidibov_1\node_modules\jit-grunt\package.json
29 verbose installManyTop reading scoped package data from C:\Users\cecilia\Sidibov_1\node_modules\jshint-stylish\package.json
30 verbose installManyTop reading scoped package data from C:\Users\cecilia\Sidibov_1\node_modules\karma\package.json
31 verbose installManyTop reading scoped package data from C:\Users\cecilia\Sidibov_1\node_modules\karma-jasmine\package.json
32 verbose installManyTop reading scoped package data from C:\Users\cecilia\Sidibov_1\node_modules\karma-phantomjs-launcher\package.json
33 verbose installManyTop reading scoped package data from C:\Users\cecilia\Sidibov_1\node_modules\phantomjs\package.json
34 verbose installManyTop reading scoped package data from C:\Users\cecilia\Sidibov_1\node_modules\time-grunt\package.json
35 info package.json grunt@0.4.5 No license field.
36 info package.json grunt-angular-templates@0.5.7 No license field.
37 info package.json grunt-contrib-connect@0.9.0 No license field.
38 info package.json grunt-contrib-copy@0.7.0 No license field.
39 info package.json grunt-contrib-clean@0.6.0 No license field.
40 info package.json grunt-contrib-concat@0.5.1 No license field.
41 info package.json grunt-contrib-imagemin@0.9.4 No license field.
42 info package.json grunt-contrib-cssmin@0.12.3 No license field.
43 info package.json grunt-contrib-watch@0.6.1 No license field.
44 info package.json grunt-contrib-jshint@0.11.2 No license field.
45 info package.json grunt-google-cdn@0.4.3 license should be a valid SPDX license expression
46 info package.json grunt-contrib-htmlmin@0.4.0 No license field.
47 info package.json grunt-filerev@2.3.1 license should be a valid SPDX license expression
48 info package.json grunt-svgmin@2.0.1 No license field.
49 info package.json grunt-wiredep@2.0.0 No license field.
50 info package.json grunt-contrib-uglify@0.7.0 No license field.
51 verbose readDependencies loading dependencies from C:\Users\cecilia\Sidibov_1\package.json
52 silly cache add args [ 'modernizr', null ]
53 verbose cache add spec modernizr
54 silly cache add parsed spec { raw: 'modernizr',
54 silly cache add   scope: null,
54 silly cache add   name: 'modernizr',
54 silly cache add   rawSpec: '',
54 silly cache add   spec: '*',
54 silly cache add   type: 'range' }
55 silly addNamed modernizr@*
56 verbose addNamed "*" is a valid semver range for modernizr
57 silly addNameRange { name: 'modernizr', range: '*', hasData: false }
58 silly mapToRegistry name modernizr
59 silly mapToRegistry using default registry
60 silly mapToRegistry registry https://registry.npmjs.org/
61 silly mapToRegistry uri https://registry.npmjs.org/modernizr
62 verbose addNameRange registry:https://registry.npmjs.org/modernizr not in flight; fetching
63 verbose request uri https://registry.npmjs.org/modernizr
64 verbose request no auth needed
65 info attempt registry request try #1 at 13:57:40
66 verbose request id 01cc5fb883105ca4
67 http request GET https://registry.npmjs.org/modernizr
68 http 200 https://registry.npmjs.org/modernizr
69 silly get cb [ 200,
69 silly get   { server: 'CouchDB/1.5.0 (Erlang OTP/R16B03)',
69 silly get     etag: '"3JNDGQKEIYY0HC1KMM6REBWDN"',
69 silly get     'content-type': 'application/json',
69 silly get     'cache-control': 'max-age=60',
69 silly get     'content-length': '14752',
69 silly get     'accept-ranges': 'bytes',
69 silly get     date: 'Wed, 02 Sep 2015 18:57:45 GMT',
69 silly get     via: '1.1 varnish',
69 silly get     age: '0',
69 silly get     connection: 'keep-alive',
69 silly get     'x-served-by': 'cache-jfk1031-JFK',
69 silly get     'x-cache': 'HIT',
69 silly get     'x-cache-hits': '1',
69 silly get     'x-timer': 'S1441220265.608147,VS0,VE78',
69 silly get     vary: 'Accept' } ]
70 verbose get saving modernizr to C:\Users\cecilia\AppData\Roaming\npm-cache\registry.npmjs.org\modernizr\.cache.json
71 silly addNameRange number 2 { name: 'modernizr', range: '*', hasData: true }
72 silly addNameRange versions [ 'modernizr',
72 silly addNameRange   [ '3.0.0-pre',
72 silly addNameRange     '3.0.0-alpha',
72 silly addNameRange     '3.0.0-alpha.2',
72 silly addNameRange     '3.0.0-alpha.3',
72 silly addNameRange     '3.0.0-alpha.4' ] ]
73 verbose stack Error: No compatible version found: modernizr@'*'
73 verbose stack Valid install targets:
73 verbose stack ["3.0.0-pre","3.0.0-alpha","3.0.0-alpha.2","3.0.0-alpha.3","3.0.0-alpha.4"]
73 verbose stack
73 verbose stack     at installTargetsError (C:\Program Files\nodejs\node_modules\npm\lib\cache\add-named.js:274:12)
73 verbose stack     at next (C:\Program Files\nodejs\node_modules\npm\lib\cache\add-named.js:253:17)
73 verbose stack     at setData (C:\Program Files\nodejs\node_modules\npm\lib\cache\add-named.js:230:5)
73 verbose stack     at RES (C:\Program Files\nodejs\node_modules\npm\node_modules\inflight\inflight.js:23:14)
73 verbose stack     at f (C:\Program Files\nodejs\node_modules\npm\node_modules\once\once.js:17:25)
73 verbose stack     at fixName (C:\Program Files\nodejs\node_modules\npm\lib\cache\add-named.js:29:5)
73 verbose stack     at saved (C:\Program Files\nodejs\node_modules\npm\lib\cache\caching-client.js:173:7)
73 verbose stack     at FSReqWrap.oncomplete (fs.js:95:15)
74 verbose cwd C:\Users\cecilia\Sidibov_1
75 error Windows_NT 6.1.7601
76 error argv "C:\\Program Files\\nodejs\\\\node.exe" "C:\\Program Files\\nodejs\\node_modules\\npm\\bin\\npm-cli.js" "install" "modernizr"
77 error node v0.12.7
78 error npm  v2.11.3
79 error code ETARGET
80 error notarget No compatible version found: modernizr@'*'
80 error notarget Valid install targets:
80 error notarget ["3.0.0-pre","3.0.0-alpha","3.0.0-alpha.2","3.0.0-alpha.3","3.0.0-alpha.4"]
80 error notarget
80 error notarget This is most likely not a problem with npm itself.
80 error notarget In most cases you or one of your dependencies are requesting
80 error notarget a package version that doesn't exist.
80 error notarget
80 error notarget It was specified as a dependency of 'sidibov1'
81 verbose exit [ 1, true ]
